WARNING:werkzeug: * Debugger is active!
INFO:werkzeug: * Debugger PIN: 137-535-653
WARNING:kombu.connection:No hostname was supplied. Reverting to default 'localhost'
INFO:werkzeug:127.0.0.1 - - [31/Jul/2024 19:02:14] "GET /get_employee_by_id?employee_id=9 HTTP/1.1" 200 -
INFO:werkzeug: * Detected change in '/home/kashif/Desktop/bds/hr/celery_settings.py', reloading
WARNING:werkzeug: * Debugger is active!
INFO:werkzeug: * Debugger PIN: 137-535-653
WARNING:kombu.connection:No hostname was supplied. Reverting to default 'localhost'
INFO:werkzeug:127.0.0.1 - - [31/Jul/2024 19:02:41] "GET /get_employee_by_id?employee_id=9 HTTP/1.1" 200 -
INFO:werkzeug:[31m[1mWARNING: This is a development server. Do not use it in a production deployment. Use a production WSGI server instead.[0m
 * Running on http://127.0.0.1:5000
INFO:werkzeug:[33mPress CTRL+C to quit[0m
INFO:werkzeug: * Restarting with stat
WARNING:werkzeug: * Debugger is active!
INFO:werkzeug: * Debugger PIN: 137-535-653
WARNING:kombu.connection:No hostname was supplied. Reverting to default 'localhost'
INFO:werkzeug:127.0.0.1 - - [31/Jul/2024 19:03:03] "GET /get_employee_by_id?employee_id=9 HTTP/1.1" 200 -
INFO:werkzeug:[31m[1mWARNING: This is a development server. Do not use it in a production deployment. Use a production WSGI server instead.[0m
 * Running on http://127.0.0.1:5020
INFO:werkzeug:[33mPress CTRL+C to quit[0m
INFO:werkzeug: * Restarting with stat
WARNING:werkzeug: * Debugger is active!
INFO:werkzeug: * Debugger PIN: 137-535-653
INFO:werkzeug:127.0.0.1 - - [31/Jul/2024 19:12:38] "POST /login HTTP/1.1" 200 -
WARNING:kombu.connection:No hostname was supplied. Reverting to default 'localhost'
INFO:werkzeug:127.0.0.1 - - [31/Jul/2024 19:13:11] "GET /get_employee_by_id?employee_id=9 HTTP/1.1" 200 -
INFO:werkzeug: * Detected change in '/home/kashif/Desktop/bds/hr/api.py', reloading
INFO:werkzeug: * Restarting with stat
WARNING:werkzeug: * Debugger is active!
INFO:werkzeug: * Debugger PIN: 137-535-653
INFO:werkzeug:[31m[1mWARNING: This is a development server. Do not use it in a production deployment. Use a production WSGI server instead.[0m
 * Running on http://127.0.0.1:5020
INFO:werkzeug:[33mPress CTRL+C to quit[0m
INFO:werkzeug: * Restarting with stat
WARNING:werkzeug: * Debugger is active!
INFO:werkzeug: * Debugger PIN: 137-535-653
WARNING:kombu.connection:No hostname was supplied. Reverting to default 'localhost'
INFO:werkzeug:127.0.0.1 - - [31/Jul/2024 19:17:03] "GET /get_employee_by_id?employee_id=9 HTTP/1.1" 200 -
INFO:werkzeug:127.0.0.1 - - [31/Jul/2024 19:17:34] "GET /get_employee_by_id?employee_id=9 HTTP/1.1" 200 -
INFO:werkzeug: * Detected change in '/home/kashif/Desktop/bds/hr/api.py', reloading
INFO:werkzeug: * Restarting with stat
WARNING:werkzeug: * Debugger is active!
INFO:werkzeug: * Debugger PIN: 137-535-653
INFO:werkzeug: * Detected change in '/home/kashif/Desktop/bds/hr/blueprints/employee.py', reloading
INFO:werkzeug: * Restarting with stat
WARNING:werkzeug: * Debugger is active!
INFO:werkzeug: * Debugger PIN: 137-535-653
INFO:werkzeug: * Detected change in '/home/kashif/Desktop/bds/hr/tasks.py', reloading
INFO:werkzeug: * Restarting with stat
INFO:werkzeug: * Restarting with stat
INFO:werkzeug: * Restarting with stat
INFO:werkzeug: * Restarting with stat
INFO:werkzeug: * Restarting with stat
INFO:werkzeug: * Restarting with stat
INFO:werkzeug: * Restarting with stat
INFO:werkzeug: * Restarting with stat
INFO:werkzeug: * Restarting with stat
INFO:werkzeug: * Restarting with stat
INFO:werkzeug: * Restarting with stat
INFO:werkzeug: * Restarting with stat
INFO:werkzeug: * Restarting with stat
INFO:werkzeug: * Restarting with stat
INFO:werkzeug: * Restarting with stat
